This is pdfTeX, Version 3.14159265-2.6-1.40.19 (MiKTeX 2.9.6840 64-bit) (preloaded format=pdflatex 2018.10.10)  19 OCT 2018 14:48
entering extended mode
**./ps1.tex
(ps1.tex
LaTeX2e <2018-04-01> patch level 5
("C:\Users\tihor\AppData\Local\Programs\MiKTeX 2.9\tex\latex\base\article.cls"
Document Class: article 2014/09/29 v1.4h Standard LaTeX document class
("C:\Users\tihor\AppData\Local\Programs\MiKTeX 2.9\tex\latex\base\size10.clo"
File: size10.clo 2014/09/29 v1.4h Standard LaTeX file (size option)
)
\c@part=\count80
\c@section=\count81
\c@subsection=\count82
\c@subsubsection=\count83
\c@paragraph=\count84
\c@subparagraph=\count85
\c@figure=\count86
\c@table=\count87
\abovecaptionskip=\skip41
\belowcaptionskip=\skip42
\bibindent=\dimen102
)
("C:\Users\tihor\AppData\Local\Programs\MiKTeX 2.9\tex\latex\graphics\graphicx.
sty"
Package: graphicx 2017/06/01 v1.1a Enhanced LaTeX Graphics (DPC,SPQR)

("C:\Users\tihor\AppData\Local\Programs\MiKTeX 2.9\tex\latex\graphics\keyval.st
y"
Package: keyval 2014/10/28 v1.15 key=value parser (DPC)
\KV@toks@=\toks14
)
("C:\Users\tihor\AppData\Local\Programs\MiKTeX 2.9\tex\latex\graphics\graphics.
sty"
Package: graphics 2017/06/25 v1.2c Standard LaTeX Graphics (DPC,SPQR)

("C:\Users\tihor\AppData\Local\Programs\MiKTeX 2.9\tex\latex\graphics\trig.sty"
Package: trig 2016/01/03 v1.10 sin cos tan (DPC)
)
("C:\Users\tihor\AppData\Local\Programs\MiKTeX 2.9\tex\latex\graphics-cfg\graph
ics.cfg"
File: graphics.cfg 2016/06/04 v1.11 sample graphics configuration
)
Package graphics Info: Driver file: pdftex.def on input line 99.

("C:\Users\tihor\AppData\Local\Programs\MiKTeX 2.9\tex\latex\graphics-def\pdfte
x.def"
File: pdftex.def 2018/01/08 v1.0l Graphics/color driver for pdftex
))
\Gin@req@height=\dimen103
\Gin@req@width=\dimen104
)
("C:\Users\tihor\AppData\Local\Programs\MiKTeX 2.9\tex\latex\caption\caption.st
y"
Package: caption 2018/10/06 v3.3-154 Customizing captions (AR)

("C:\Users\tihor\AppData\Local\Programs\MiKTeX 2.9\tex\latex\caption\caption3.s
ty"
Package: caption3 2018/09/12 v1.8c caption3 kernel (AR)
Package caption3 Info: TeX engine: e-TeX on input line 64.
\captionmargin=\dimen105
\captionmargin@=\dimen106
\captionwidth=\dimen107
\caption@tempdima=\dimen108
\caption@indent=\dimen109
\caption@parindent=\dimen110
\caption@hangindent=\dimen111
)
\c@caption@flags=\count88
\c@ContinuedFloat=\count89
)
("C:\Users\tihor\AppData\Local\Programs\MiKTeX 2.9\tex\latex\enumitem\enumitem.
sty"
Package: enumitem 2011/09/28 v3.5.2 Customized lists
\labelindent=\skip43
\enit@outerparindent=\dimen112
\enit@toks=\toks15
\enit@inbox=\box26
\enitdp@description=\count90
)
("C:\Users\tihor\AppData\Local\Programs\MiKTeX 2.9\tex\latex\oberdiek\epstopdf.
sty"
Package: epstopdf 2016/05/15 v2.6 Conversion with epstopdf on the fly (HO)

("C:\Users\tihor\AppData\Local\Programs\MiKTeX 2.9\tex\latex\oberdiek\epstopdf-
base.sty"
Package: epstopdf-base 2016/05/15 v2.6 Base part for package epstopdf

("C:\Users\tihor\AppData\Local\Programs\MiKTeX 2.9\tex\generic\oberdiek\infware
rr.sty"
Package: infwarerr 2016/05/16 v1.4 Providing info/warning/error messages (HO)
)
("C:\Users\tihor\AppData\Local\Programs\MiKTeX 2.9\tex\latex\oberdiek\grfext.st
y"
Package: grfext 2016/05/16 v1.2 Manage graphics extensions (HO)

("C:\Users\tihor\AppData\Local\Programs\MiKTeX 2.9\tex\generic\oberdiek\kvdefin
ekeys.sty"
Package: kvdefinekeys 2016/05/16 v1.4 Define keys (HO)

("C:\Users\tihor\AppData\Local\Programs\MiKTeX 2.9\tex\generic\oberdiek\ltxcmds
.sty"
Package: ltxcmds 2016/05/16 v1.23 LaTeX kernel commands for general use (HO)
)))
("C:\Users\tihor\AppData\Local\Programs\MiKTeX 2.9\tex\latex\oberdiek\kvoptions
.sty"
Package: kvoptions 2016/05/16 v3.12 Key value format for package options (HO)

("C:\Users\tihor\AppData\Local\Programs\MiKTeX 2.9\tex\generic\oberdiek\kvsetke
ys.sty"
Package: kvsetkeys 2016/05/16 v1.17 Key value parser (HO)

("C:\Users\tihor\AppData\Local\Programs\MiKTeX 2.9\tex\generic\oberdiek\etexcmd
s.sty"
Package: etexcmds 2016/05/16 v1.6 Avoid name clashes with e-TeX commands (HO)

("C:\Users\tihor\AppData\Local\Programs\MiKTeX 2.9\tex\generic\oberdiek\ifluate
x.sty"
Package: ifluatex 2016/05/16 v1.4 Provides the ifluatex switch (HO)
Package ifluatex Info: LuaTeX not detected.
)
Package etexcmds Info: Could not find \expanded.
(etexcmds)             That can mean that you are not using pdfTeX 1.50 or
(etexcmds)             that some package has redefined \expanded.
(etexcmds)             In the latter case, load this package earlier.
)))
("C:\Users\tihor\AppData\Local\Programs\MiKTeX 2.9\tex\generic\oberdiek\pdftexc
mds.sty"
Package: pdftexcmds 2018/09/10 v0.29 Utility functions of pdfTeX for LuaTeX (HO
)

("C:\Users\tihor\AppData\Local\Programs\MiKTeX 2.9\tex\generic\oberdiek\ifpdf.s
ty"
Package: ifpdf 2018/09/07 v3.3 Provides the ifpdf switch
)
Package pdftexcmds Info: LuaTeX not detected.
Package pdftexcmds Info: \pdf@primitive is available.
Package pdftexcmds Info: \pdf@ifprimitive is available.
Package pdftexcmds Info: \pdfdraftmode found.
)
Package epstopdf-base Info: Redefining graphics rule for `.eps' on input line 4
38.
Package grfext Info: Graphics extension search list:
(grfext)             [.pdf,.png,.jpg,.mps,.jpeg,.jbig2,.jb2,.PDF,.PNG,.JPG,.JPE
G,.JBIG2,.JB2,.eps]
(grfext)             \AppendGraphicsExtensions on input line 456.
))
("C:\Users\tihor\AppData\Local\Programs\MiKTeX 2.9\tex\latex\caption\subcaption
.sty"
Package: subcaption 2018/05/01 v1.1-162 Sub-captions (AR)
\c@subfigure=\count91
\c@subtable=\count92
)
("C:\Users\tihor\AppData\Local\Programs\MiKTeX 2.9\tex\latex\psfrag\psfrag.sty"
Package: psfrag 1998/04/11 v3.04 PSfrag (MCG)
\pfg@pcount=\count93
\pfg@scount=\count94
\pfg@temp=\write3
)
("C:\Users\tihor\AppData\Local\Programs\MiKTeX 2.9\tex\latex\amsmath\amsmath.st
y"
Package: amsmath 2017/09/02 v2.17a AMS math features
\@mathmargin=\skip44

For additional information on amsmath, use the `?' option.

("C:\Users\tihor\AppData\Local\Programs\MiKTeX 2.9\tex\latex\amsmath\amstext.st
y"
Package: amstext 2000/06/29 v2.01 AMS text

("C:\Users\tihor\AppData\Local\Programs\MiKTeX 2.9\tex\latex\amsmath\amsgen.sty
"
File: amsgen.sty 1999/11/30 v2.0 generic functions
\@emptytoks=\toks16
\ex@=\dimen113
))
("C:\Users\tihor\AppData\Local\Programs\MiKTeX 2.9\tex\latex\amsmath\amsbsy.sty
"
Package: amsbsy 1999/11/29 v1.2d Bold Symbols
\pmbraise@=\dimen114
)
("C:\Users\tihor\AppData\Local\Programs\MiKTeX 2.9\tex\latex\amsmath\amsopn.sty
"
Package: amsopn 2016/03/08 v2.02 operator names
)
\inf@bad=\count95
LaTeX Info: Redefining \frac on input line 213.
\uproot@=\count96
\leftroot@=\count97
LaTeX Info: Redefining \overline on input line 375.
\classnum@=\count98
\DOTSCASE@=\count99
LaTeX Info: Redefining \ldots on input line 472.
LaTeX Info: Redefining \dots on input line 475.
LaTeX Info: Redefining \cdots on input line 596.
\Mathstrutbox@=\box27
\strutbox@=\box28
\big@size=\dimen115
LaTeX Font Info:    Redeclaring font encoding OML on input line 712.
LaTeX Font Info:    Redeclaring font encoding OMS on input line 713.
\macc@depth=\count100
\c@MaxMatrixCols=\count101
\dotsspace@=\muskip10
\c@parentequation=\count102
\dspbrk@lvl=\count103
\tag@help=\toks17
\row@=\count104
\column@=\count105
\maxfields@=\count106
\andhelp@=\toks18
\eqnshift@=\dimen116
\alignsep@=\dimen117
\tagshift@=\dimen118
\tagwidth@=\dimen119
\totwidth@=\dimen120
\lineht@=\dimen121
\@envbody=\toks19
\multlinegap=\skip45
\multlinetaggap=\skip46
\mathdisplay@stack=\toks20
LaTeX Info: Redefining \[ on input line 2817.
LaTeX Info: Redefining \] on input line 2818.
)
("C:\Users\tihor\AppData\Local\Programs\MiKTeX 2.9\tex\latex\amsfonts\amssymb.s
ty"
Package: amssymb 2013/01/14 v3.01 AMS font symbols

("C:\Users\tihor\AppData\Local\Programs\MiKTeX 2.9\tex\latex\amsfonts\amsfonts.
sty"
Package: amsfonts 2013/01/14 v3.01 Basic AMSFonts support
\symAMSa=\mathgroup4
\symAMSb=\mathgroup5
LaTeX Font Info:    Overwriting math alphabet `\mathfrak' in version `bold'
(Font)                  U/euf/m/n --> U/euf/b/n on input line 106.
))
("C:\Users\tihor\AppData\Local\Programs\MiKTeX 2.9\tex\latex\epsf\epsf.sty"
This is `epsf.tex' v2.7.4 <14 February 2011>
\epsffilein=\read1
\epsfframemargin=\dimen122
\epsfframethickness=\dimen123
\epsfrsize=\dimen124
\epsftmp=\dimen125
\epsftsize=\dimen126
\epsfxsize=\dimen127
\epsfysize=\dimen128
\pspoints=\dimen129
)
("C:\Users\tihor\AppData\Local\Programs\MiKTeX 2.9\tex\latex\tools\verbatim.sty
"
Package: verbatim 2014/10/28 v1.5q LaTeX2e package for verbatim enhancements
\every@verbatim=\toks21
\verbatim@line=\toks22
\verbatim@in@stream=\read2
) ("C:\Users\tihor\AppData\Local\Programs\MiKTeX 2.9\tex\latex\url\url.sty"
\Urlmuskip=\muskip11
Package: url 2013/09/16  ver 3.4  Verb mode for urls, etc.
)
("C:\Users\tihor\AppData\Local\Programs\MiKTeX 2.9\tex\latex\graphics\color.sty
"
Package: color 2016/07/10 v1.1e Standard LaTeX Color (DPC)

("C:\Users\tihor\AppData\Local\Programs\MiKTeX 2.9\tex\latex\graphics-cfg\color
.cfg"
File: color.cfg 2016/01/02 v1.6 sample color configuration
)
Package color Info: Driver file: pdftex.def on input line 147.
) ("C:\Users\tihor\AppData\Local\Programs\MiKTeX 2.9\tex\latex\bbm\bbm.sty"
Package: bbm 1999/03/15 V 1.2 provides fonts for set symbols - TH
LaTeX Font Info:    Overwriting math alphabet `\mathbbm' in version `bold'
(Font)                  U/bbm/m/n --> U/bbm/bx/n on input line 33.
LaTeX Font Info:    Overwriting math alphabet `\mathbbmss' in version `bold'
(Font)                  U/bbmss/m/n --> U/bbmss/bx/n on input line 35.
)
("C:\Users\tihor\AppData\Local\Programs\MiKTeX 2.9\tex\latex\listings\listings.
sty"
\lst@mode=\count107
\lst@gtempboxa=\box29
\lst@token=\toks23
\lst@length=\count108
\lst@currlwidth=\dimen130
\lst@column=\count109
\lst@pos=\count110
\lst@lostspace=\dimen131
\lst@width=\dimen132
\lst@newlines=\count111
\lst@lineno=\count112
\lst@maxwidth=\dimen133

("C:\Users\tihor\AppData\Local\Programs\MiKTeX 2.9\tex\latex\listings\lstmisc.s
ty"
File: lstmisc.sty 2018/09/02 1.7 (Carsten Heinz)
\c@lstnumber=\count113
\lst@skipnumbers=\count114
\lst@framebox=\box30
)
("C:\Users\tihor\AppData\Local\Programs\MiKTeX 2.9\tex\latex\listings\listings.
cfg"
File: listings.cfg 2018/09/02 1.7 listings configuration
))
Package: listings 2018/09/02 1.7 (Carsten Heinz)

("C:\Users\tihor\AppData\Local\Programs\MiKTeX 2.9\tex\latex\setspace\setspace.
sty"
Package: setspace 2011/12/19 v6.7a set line spacing
)
("C:\Users\tihor\AppData\Local\Programs\MiKTeX 2.9\tex\latex\float\float.sty"
Package: float 2001/11/08 v1.3d Float enhancements (AL)
\c@float@type=\count115
\float@exts=\toks24
\float@box=\box31
\@float@everytoks=\toks25
\@floatcapt=\box32
)
(ps1.aux)
\openout1 = `ps1.aux'.

LaTeX Font Info:    Checking defaults for OML/cmm/m/it on input line 93.
LaTeX Font Info:    ... okay on input line 93.
LaTeX Font Info:    Checking defaults for T1/cmr/m/n on input line 93.
LaTeX Font Info:    ... okay on input line 93.
LaTeX Font Info:    Checking defaults for OT1/cmr/m/n on input line 93.
LaTeX Font Info:    ... okay on input line 93.
LaTeX Font Info:    Checking defaults for OMS/cmsy/m/n on input line 93.
LaTeX Font Info:    ... okay on input line 93.
LaTeX Font Info:    Checking defaults for OMX/cmex/m/n on input line 93.
LaTeX Font Info:    ... okay on input line 93.
LaTeX Font Info:    Checking defaults for U/cmr/m/n on input line 93.
LaTeX Font Info:    ... okay on input line 93.

("C:\Users\tihor\AppData\Local\Programs\MiKTeX 2.9\tex\context\base\supp-pdf.mk
ii"
[Loading MPS to PDF converter (version 2006.09.02).]
\scratchcounter=\count116
\scratchdimen=\dimen134
\scratchbox=\box33
\nofMPsegments=\count117
\nofMParguments=\count118
\everyMPshowfont=\toks26
\MPscratchCnt=\count119
\MPscratchDim=\dimen135
\MPnumerator=\count120
\makeMPintoPDFobject=\count121
\everyMPtoPDFconversion=\toks27
)
Package caption Info: Begin \AtBeginDocument code.
Package caption Info: float package is loaded.
Package caption Info: listings package is loaded.
Package caption Info: End \AtBeginDocument code.
\c@lstlisting=\count122

Underfull \hbox (badness 10000) in paragraph at lines 98--105

 []

(00-instructions/00-main.tex (00-instructions/01-general.tex
LaTeX Font Info:    Try loading font information for U+msa on input line 4.

("C:\Users\tihor\AppData\Local\Programs\MiKTeX 2.9\tex\latex\amsfonts\umsa.fd"
File: umsa.fd 2013/01/14 v3.01 AMS symbols A
)
LaTeX Font Info:    Try loading font information for U+msb on input line 4.
("C:\Users\tihor\AppData\Local\Programs\MiKTeX 2.9\tex\latex\amsfonts\umsb.fd"
File: umsb.fd 2013/01/14 v3.01 AMS symbols B
)) (00-instructions/02-submission.tex)) (01-linreg/00-main.tex [1
Non-PDF special ignored!
<special> header=psfrag.pro
{C:/Users/tihor/AppData/Local/MiKTeX/2.9/pdftex/config/pdftex.map}

]
(01-linreg/01-logreg.tex (01-linreg/01-logreg-sol.tex
Underfull \hbox (badness 10000) in paragraph at lines 1--10

 []

[2

])) (01-linreg/02-solve-logreg.tex [3] (01-linreg/02-solve-logreg-sol.tex))
(01-linreg/03-gda.tex [4

] (01-linreg/03-gda-sol.tex)) (01-linreg/04-gda-ll.tex
Underfull \hbox (badness 10000) in paragraph at lines 1--1

 []

[5

] (01-linreg/04-gda-ll-sol.tex)) (01-linreg/05-solve-gda.tex
Overfull \hbox (4.21458pt too wide) in paragraph at lines 1--1
\OML/cmm/m/it/10 l \OT1/cmr/m/n/10 = \OML/cmm/m/it/10 log [][] p\OT1/cmr/m/n/10
 (\OML/cmm/m/it/10 x[]\OMS/cmsy/m/n/10 j\OML/cmm/m/it/10 y[]\OT1/cmr/m/n/10 ; \
OML/cmm/m/it/10 []; []; \OT1/cmr/m/n/10 )\OML/cmm/m/it/10 p\OT1/cmr/m/n/10 (
\OML/cmm/m/it/10 y\OT1/cmr/m/n/10 ; \OML/cmm/m/it/10 \OT1/cmr/m/n/10 ) = [][] 
\OML/cmm/m/it/10 log\OT1/cmr/m/n/10 (\OML/cmm/m/it/10 p\OT1/cmr/m/n/10 (\OML/cm
m/m/it/10 x[]\OMS/cmsy/m/n/10 j\OML/cmm/m/it/10 y[]\OT1/cmr/m/n/10 ; \OML/cmm/m
/it/10 []; []; \OT1/cmr/m/n/10 )) + [][] \OML/cmm/m/it/10 log\OT1/cmr/m/n/10
 (\OML/cmm/m/it/10 p\OT1/cmr/m/n/10 (\OML/cmm/m/it/10 y\OT1/cmr/m/n/10 ; \OML/c
mm/m/it/10 \OT1/cmr/m/n/10 ))$ 
 []


Underfull \hbox (badness 10000) in paragraph at lines 1--1

 []


Underfull \hbox (badness 10000) in paragraph at lines 1--1

 []

[6

] [7] (01-linreg/05-solve-gda-sol.tex)) (01-linreg/06-plot-ds1.tex [8

]
(01-linreg/06-plot-ds1-sol.tex
<../src/output/p01b_pred_1_eval.png, id=45, 462.528pt x 346.896pt>
File: ../src/output/p01b_pred_1_eval.png Graphic file (type png)
<use ../src/output/p01b_pred_1_eval.png>
Package pdftex.def Info: ../src/output/p01b_pred_1_eval.png  used on input line
 3.
(pdftex.def)             Requested size: 417.26999pt x 312.96573pt.
<../src/output/p01b_pred_1_train.png, id=47, 462.528pt x 346.896pt>
File: ../src/output/p01b_pred_1_train.png Graphic file (type png)
<use ../src/output/p01b_pred_1_train.png>
Package pdftex.def Info: ../src/output/p01b_pred_1_train.png  used on input lin
e 8.
(pdftex.def)             Requested size: 417.26999pt x 312.96573pt.
<../src/output/p01e_pred_1_eval.png, id=48, 462.528pt x 346.896pt>
File: ../src/output/p01e_pred_1_eval.png Graphic file (type png)
<use ../src/output/p01e_pred_1_eval.png>
Package pdftex.def Info: ../src/output/p01e_pred_1_eval.png  used on input line
 13.
(pdftex.def)             Requested size: 417.26999pt x 312.96573pt.
<../src/output/p01e_pred_1_train.png, id=49, 462.528pt x 346.896pt>
File: ../src/output/p01e_pred_1_train.png Graphic file (type png)
<use ../src/output/p01e_pred_1_train.png>
Package pdftex.def Info: ../src/output/p01e_pred_1_train.png  used on input lin
e 18.
(pdftex.def)             Requested size: 417.26999pt x 312.96573pt.
)) (01-linreg/07-plot-ds2.tex
Underfull \hbox (badness 10000) in paragraph at lines 1--1

 []

[9

 <../src/output/p01b_pred_1_eval.png>] [10 <../src/output/p01b_pred_1_train.png
>] [11 <../src/output/p01e_pred_1_eval.png>] [12 <../src/output/p01e_pred_1_tra
in.png>] (01-linreg/07-plot-ds2-sol.tex
<../src/output/p01b_pred_2_eval.png, id=66, 462.528pt x 346.896pt>
File: ../src/output/p01b_pred_2_eval.png Graphic file (type png)
<use ../src/output/p01b_pred_2_eval.png>
Package pdftex.def Info: ../src/output/p01b_pred_2_eval.png  used on input line
 3.
(pdftex.def)             Requested size: 417.26999pt x 312.96573pt.
<../src/output/p01b_pred_2_train.png, id=67, 462.528pt x 346.896pt>
File: ../src/output/p01b_pred_2_train.png Graphic file (type png)
<use ../src/output/p01b_pred_2_train.png>
Package pdftex.def Info: ../src/output/p01b_pred_2_train.png  used on input lin
e 8.
(pdftex.def)             Requested size: 417.26999pt x 312.96573pt.
<../src/output/p01e_pred_2_eval.png, id=68, 462.528pt x 346.896pt>
File: ../src/output/p01e_pred_2_eval.png Graphic file (type png)
<use ../src/output/p01e_pred_2_eval.png>
Package pdftex.def Info: ../src/output/p01e_pred_2_eval.png  used on input line
 13.
(pdftex.def)             Requested size: 417.26999pt x 312.96573pt.
<../src/output/p01e_pred_2_train.png, id=69, 462.528pt x 346.896pt>
File: ../src/output/p01e_pred_2_train.png Graphic file (type png)
<use ../src/output/p01e_pred_2_train.png>
Package pdftex.def Info: ../src/output/p01e_pred_2_train.png  used on input lin
e 18.
(pdftex.def)             Requested size: 417.26999pt x 312.96573pt.
)) (01-linreg/08-extra-credit.tex
[13

 <../src/output/p01b_pred_2_eval.png>] [14 <../src/output/p01b_pred_2_train.png
>] [15 <../src/output/p01e_pred_2_eval.png>] [16 <../src/output/p01e_pred_2_tra
in.png>] (01-linreg/08-extra-credit-sol.tex))
Underfull \hbox (badness 10000) in paragraph at lines 1--33

 []

) (02-posonly/00-main.tex [17

] (02-posonly/01-constant.tex
(02-posonly/01-constant-sol.tex)) (02-posonly/02-estimate-alpha.tex
Underfull \hbox (badness 10000) in paragraph at lines 1--1

 []


Underfull \hbox (badness 10000) in paragraph at lines 1--1

 []

[18

] (02-posonly/02-estimate-alpha-sol.tex)) (02-posonly/03-train-t-labels.tex
[19

] (02-posonly/03-train-t-labels-sol.tex)) (02-posonly/04-train-y-labels.tex
[20

] (02-posonly/04-train-y-labels-sol.tex)) (02-posonly/05-plot.tex [21

]
(02-posonly/05-plot-sol.tex
<../src/output/p02c_pred_test.png, id=104, 462.528pt x 346.896pt>
File: ../src/output/p02c_pred_test.png Graphic file (type png)
<use ../src/output/p02c_pred_test.png>
Package pdftex.def Info: ../src/output/p02c_pred_test.png  used on input line 3
.
(pdftex.def)             Requested size: 417.26999pt x 312.96573pt.
<../src/output/p02d_pred_test.png, id=105, 462.528pt x 346.896pt>
File: ../src/output/p02d_pred_test.png Graphic file (type png)
<use ../src/output/p02d_pred_test.png>
Package pdftex.def Info: ../src/output/p02d_pred_test.png  used on input line 8
.
(pdftex.def)             Requested size: 417.26999pt x 312.96573pt.
<../src/output/p02e_pred_test.png, id=106, 462.528pt x 346.896pt>
File: ../src/output/p02e_pred_test.png Graphic file (type png)
<use ../src/output/p02e_pred_test.png>
Package pdftex.def Info: ../src/output/p02e_pred_test.png  used on input line 1
3.
(pdftex.def)             Requested size: 417.26999pt x 312.96573pt.
))
Underfull \hbox (badness 10000) in paragraph at lines 1--44

 []

) [22

 <../src/output/p02c_pred_test.png>] [23 <../src/output/p02d_pred_test.png>] [2
4 <../src/output/p02e_pred_test.png>] (03-poisson/00-main.tex [25]
(03-poisson/01-exponential.tex (03-poisson/01-exponential-sol.tex))
(03-poisson/02-response-fn.tex
Underfull \hbox (badness 10000) in paragraph at lines 1--1

 []


Underfull \hbox (badness 10000) in paragraph at lines 1--1

 []

[26

] (03-poisson/02-response-fn-sol.tex)) (03-poisson/03-gd-update.tex
Underfull \hbox (badness 10000) in paragraph at lines 1--1

 []

[27

] (03-poisson/03-gd-update-sol.tex)) (03-poisson/04-regression.tex
Underfull \hbox (badness 10000) in paragraph at lines 1--1

 []

[28

] (03-poisson/04-regression-sol.tex))) (04-glm-convexity/00-main.tex
[29

] (04-glm-convexity/01-mean.tex [30

] (04-glm-convexity/01-mean-sol.tex))
(04-glm-convexity/02-var.tex
Underfull \hbox (badness 10000) in paragraph at lines 1--1

 []


Underfull \hbox (badness 10000) in paragraph at lines 1--1

 []

[31

] (04-glm-convexity/02-var-sol.tex)) (04-glm-convexity/03-hessian.tex
Underfull \hbox (badness 10000) in paragraph at lines 1--1

 []

[32

] (04-glm-convexity/03-hessian-sol.tex))
Underfull \hbox (badness 10000) in paragraph at lines 1--46

 []


Underfull \hbox (badness 10000) in paragraph at lines 1--46

 []

LaTeX Font Info:    Try loading font information for OMS+cmr on input line 50.
("C:\Users\tihor\AppData\Local\Programs\MiKTeX 2.9\tex\latex\base\omscmr.fd"
File: omscmr.fd 2014/09/29 v2.5h Standard LaTeX font definitions
)
LaTeX Font Info:    Font shape `OMS/cmr/m/n' in size <10> not available
(Font)              Font shape `OMS/cmsy/m/n' tried instead on input line 50.
)
(05-weighted/00-main.tex [33

] (05-weighted/01-intro.tex
(05-weighted/01-intro-sol.tex
Underfull \hbox (badness 10000) in paragraph at lines 1--3

 []

)) (05-weighted/02-impl.tex
Underfull \hbox (badness 10000) in paragraph at lines 10--1

 []


Underfull \hbox (badness 10000) in paragraph at lines 10--1

 []


Underfull \hbox (badness 10000) in paragraph at lines 10--1

 []


Underfull \hbox (badness 10000) in paragraph at lines 10--1

 []


Underfull \hbox (badness 10000) in paragraph at lines 10--1

 []

[34

] [35] (05-weighted/02-impl-sol.tex
<../src/output/p05b_plot.png, id=154, 462.528pt x 346.896pt>
File: ../src/output/p05b_plot.png Graphic file (type png)
<use ../src/output/p05b_plot.png>
Package pdftex.def Info: ../src/output/p05b_plot.png  used on input line 5.
(pdftex.def)             Requested size: 417.26999pt x 312.96573pt.
)) (05-weighted/03-tau.tex
Underfull \hbox (badness 10000) in paragraph at lines 1--1

 []

[36

 <../src/output/p05b_plot.png>]
Overfull \hbox (0.3484pt too wide) in paragraph at lines 2--10
[]\OT1/cmr/m/n/10 [5 points] \OT1/cmr/bx/n/10 Cod-ing prob-lem. \OT1/cmr/m/n/10
 We will now tune the hy-per-pa-ram-e-ter $\OML/cmm/m/it/10 $\OT1/cmr/m/n/10 .
 In \OT1/cmtt/m/n/10 src/p05c[]tau.py\OT1/cmr/m/n/10 ,
 []

(05-weighted/03-tau-sol.tex
<../src/output/p05c_plot_0_03_tau.png, id=159, 462.528pt x 346.896pt>
File: ../src/output/p05c_plot_0_03_tau.png Graphic file (type png)
<use ../src/output/p05c_plot_0_03_tau.png>
Package pdftex.def Info: ../src/output/p05c_plot_0_03_tau.png  used on input li
ne 19.
(pdftex.def)             Requested size: 417.26999pt x 312.96573pt.
<../src/output/p05c_plot_0_05_tau.png, id=160, 462.528pt x 346.896pt>
File: ../src/output/p05c_plot_0_05_tau.png Graphic file (type png)
<use ../src/output/p05c_plot_0_05_tau.png>
Package pdftex.def Info: ../src/output/p05c_plot_0_05_tau.png  used on input li
ne 24.
(pdftex.def)             Requested size: 417.26999pt x 312.96573pt.
<../src/output/p05c_plot_0_1_tau.png, id=161, 462.528pt x 346.896pt>
File: ../src/output/p05c_plot_0_1_tau.png Graphic file (type png)
<use ../src/output/p05c_plot_0_1_tau.png>
Package pdftex.def Info: ../src/output/p05c_plot_0_1_tau.png  used on input lin
e 29.
(pdftex.def)             Requested size: 417.26999pt x 312.96573pt.
<../src/output/p05c_plot_0_5_tau.png, id=162, 462.528pt x 346.896pt>
File: ../src/output/p05c_plot_0_5_tau.png Graphic file (type png)
<use ../src/output/p05c_plot_0_5_tau.png>
Package pdftex.def Info: ../src/output/p05c_plot_0_5_tau.png  used on input lin
e 34.
(pdftex.def)             Requested size: 417.26999pt x 312.96573pt.
<../src/output/p05c_plot_1_0_tau.png, id=163, 462.528pt x 346.896pt>
File: ../src/output/p05c_plot_1_0_tau.png Graphic file (type png)
<use ../src/output/p05c_plot_1_0_tau.png>
Package pdftex.def Info: ../src/output/p05c_plot_1_0_tau.png  used on input lin
e 39.
(pdftex.def)             Requested size: 417.26999pt x 312.96573pt.
<../src/output/p05c_plot_10_0_tau.png, id=164, 462.528pt x 346.896pt>
File: ../src/output/p05c_plot_10_0_tau.png Graphic file (type png)
<use ../src/output/p05c_plot_10_0_tau.png>
Package pdftex.def Info: ../src/output/p05c_plot_10_0_tau.png  used on input li
ne 44.
(pdftex.def)             Requested size: 417.26999pt x 312.96573pt.
))) [37

 <../src/output/p05c_plot_0_03_tau.png>]
[38 <../src/output/p05c_plot_0_05_tau.png>] [39 <../src/output/p05c_plot_0_1_ta
u.png>] [40 <../src/output/p05c_plot_0_5_tau.png>] [41 <../src/output/p05c_plot
_1_0_tau.png>] [42 <../src/output/p05c_plot_10_0_tau.png>] (ps1.aux) ) 
Here is how much of TeX's memory you used:
 5773 strings out of 492970
 92003 string characters out of 3126593
 158693 words of memory out of 3000000
 9378 multiletter control sequences out of 15000+200000
 7118 words of font info for 28 fonts, out of 3000000 for 9000
 1141 hyphenation exceptions out of 8191
 42i,12n,39p,409b,557s stack positions out of 5000i,500n,10000p,200000b,50000s
<C:/Users
/tihor/AppData/Local/Programs/MiKTeX 2.9/fonts/type1/public/amsfonts/cm/cmbx10.
pfb><C:/Users/tihor/AppData/Local/Programs/MiKTeX 2.9/fonts/type1/public/amsfon
ts/cm/cmex10.pfb><C:/Users/tihor/AppData/Local/Programs/MiKTeX 2.9/fonts/type1/
public/amsfonts/cmextra/cmex7.pfb><C:/Users/tihor/AppData/Local/Programs/MiKTeX
 2.9/fonts/type1/public/amsfonts/cm/cmmi10.pfb><C:/Users/tihor/AppData/Local/Pr
ograms/MiKTeX 2.9/fonts/type1/public/amsfonts/cm/cmmi5.pfb><C:/Users/tihor/AppD
ata/Local/Programs/MiKTeX 2.9/fonts/type1/public/amsfonts/cm/cmmi7.pfb><C:/User
s/tihor/AppData/Local/Programs/MiKTeX 2.9/fonts/type1/public/amsfonts/cm/cmr10.
pfb><C:/Users/tihor/AppData/Local/Programs/MiKTeX 2.9/fonts/type1/public/amsfon
ts/cm/cmr17.pfb><C:/Users/tihor/AppData/Local/Programs/MiKTeX 2.9/fonts/type1/p
ublic/amsfonts/cm/cmr5.pfb><C:/Users/tihor/AppData/Local/Programs/MiKTeX 2.9/fo
nts/type1/public/amsfonts/cm/cmr7.pfb><C:/Users/tihor/AppData/Local/Programs/Mi
KTeX 2.9/fonts/type1/public/amsfonts/cm/cmsl10.pfb><C:/Users/tihor/AppData/Loca
l/Programs/MiKTeX 2.9/fonts/type1/public/amsfonts/cm/cmss10.pfb><C:/Users/tihor
/AppData/Local/Programs/MiKTeX 2.9/fonts/type1/public/amsfonts/cm/cmsy10.pfb><C
:/Users/tihor/AppData/Local/Programs/MiKTeX 2.9/fonts/type1/public/amsfonts/cm/
cmsy5.pfb><C:/Users/tihor/AppData/Local/Programs/MiKTeX 2.9/fonts/type1/public/
amsfonts/cm/cmsy7.pfb><C:/Users/tihor/AppData/Local/Programs/MiKTeX 2.9/fonts/t
ype1/public/amsfonts/cm/cmti10.pfb><C:/Users/tihor/AppData/Local/Programs/MiKTe
X 2.9/fonts/type1/public/amsfonts/cm/cmtt10.pfb><C:/Users/tihor/AppData/Local/P
rograms/MiKTeX 2.9/fonts/type1/public/amsfonts/symbols/msam10.pfb><C:/Users/tih
or/AppData/Local/Programs/MiKTeX 2.9/fonts/type1/public/amsfonts/symbols/msbm10
.pfb>
Output written on ps1.pdf (42 pages, 664836 bytes).
PDF statistics:
 251 PDF objects out of 1000 (max. 8388607)
 0 named destinations out of 1000 (max. 500000)
 91 words of extra memory for PDF output out of 10000 (max. 10000000)

